<?xml version="1.0" encoding="UTF-8"?>
<testsuite name="AddressBookTest" tests="1" skipped="0" failures="0" errors="0" timestamp="2019-12-05T10:44:37" hostname="admin1-H110M-H" time="0.046">
  <properties/>
  <testcase name="giveEditOption_EditUser_ShouldEditInFile" classname="AddressBookTest" time="0.046"/>
  <system-out><![CDATA[Edit Successfully
]]></system-out>
  <system-err><![CDATA[]]></system-err>
</testsuite>
