<?xml version="1.0" encoding="UTF-8"?>
<testsuite name="AddressBookTest" tests="1" skipped="0" failures="0" errors="0" timestamp="2019-12-05T11:21:38" hostname="admin1-H110M-H" time="0.046">
  <properties/>
  <testcase name="givePersonList_CheckList_ShouldReturnSortByName" classname="AddressBookTest" time="0.046"/>
  <system-out><![CDATA[Sorted By Name
]]></system-out>
  <system-err><![CDATA[]]></system-err>
</testsuite>
