<?xml version="1.0" encoding="UTF-8"?>
<testsuite name="AddressBookTest" tests="1" skipped="0" failures="0" errors="0" timestamp="2019-12-05T13:33:48" hostname="admin1-H110M-H" time="0.003">
  <properties/>
  <testcase name="giveFileName_checkFiles_ShouldOpenFile" classname="AddressBookTest" time="0.003"/>
  <system-out><![CDATA[Person.json
Address.json
File Not Found
]]></system-out>
  <system-err><![CDATA[]]></system-err>
</testsuite>
