<?xml version="1.0" encoding="UTF-8"?>
<testsuite name="AddressBookTest" tests="1" skipped="0" failures="0" errors="0" timestamp="2019-12-05T11:33:10" hostname="admin1-H110M-H" time="0.048">
  <properties/>
  <testcase name="givePersonList_CheckList_ShouldReturnSortByZip" classname="AddressBookTest" time="0.048"/>
  <system-out><![CDATA[Sorted By Zip Successfully
]]></system-out>
  <system-err><![CDATA[]]></system-err>
</testsuite>
